build/app/outputs/mapping/release/seeds.txt
com.example.trydos.MainActivity
com.example.trydos.MainActivity: MainActivity()
...
androidx.window.embedding.ExtensionEmbeddingBackend$SplitListenerWrapper: void accept(java.util.List)
io.flutter.view.AccessibilityViewEmbedder: java.lang.Integer getRecordFlutterId(android.view.View,android.view.accessibility.AccessibilityRecord)
androidx.window.embedding.SplitInfo: androidx.window.embedding.ActivityStack getPrimaryActivityStack()
androidx.window.layout.FoldingFeature$Orientation$Companion: FoldingFeature$Orientation$Companion(kotlin.jvm.internal.DefaultConstructorMarker)
androidx.window.core.Bounds: int getHeight()
androidx.versionedparcelable.CustomVersionedParcelable: CustomVersionedParcelable()
io.flutter.embedding.engine.FlutterJNI: void onSurfaceChanged(int,int)
io.flutter.embedding.engine.FlutterJNI: void setDeferredComponentManager(io.flutter.embedding.engine.deferredcomponents.DeferredComponentManager)
kotlin.jvm.internal.CallableReference: kotlin.reflect.KDeclarationContainer getOwner()
androidx.window.layout.SidecarCompat$DistinctElementCallback: SidecarCompat$DistinctElementCallback(androidx.window.layout.ExtensionInterfaceCompat$ExtensionCallbackInterface)
androidx.window.embedding.SplitRule$Api30Impl: android.graphics.Rect getBounds(android.view.WindowMetrics)
androidx.window.layout.WindowMetricsCalculator$-CC: androidx.window.layout.WindowMetricsCalculator getOrCreate()
io.flutter.embedding.engine.FlutterJNI: void nativeDispatchPointerDataPacket(long,java.nio.ByteBuffer,int)
kotlin.jvm.internal.FunctionReference: boolean isInfix()
androidx.window.embedding.EmbeddingCompat$Companion: androidx.window.extensions.embedding.ActivityEmbeddingComponent embeddingComponent()
kotlinx.coroutines.internal.ThreadSafeHeap: void siftDownFrom(int)
io.flutter.plugin.editing.ImeSyncDeferringInsetsCallback: boolean access$302(io.flutter.plugin.editing.ImeSyncDeferringInsetsCallback,boolean)
androidx.window.layout.SidecarCompat$registerConfigurationChangeListener$configChangeObserver$1: void onLowMemory()
androidx.window.layout.SidecarWindowBackend$ExtensionListenerImpl: SidecarWindowBackend$ExtensionListenerImpl(androidx.window.layout.SidecarWindowBackend)
io.flutter.view.FlutterCallbackInformation: FlutterCallbackInformation(java.lang.String,java.lang.String,java.lang.String)
androidx.window.embedding.EmptyEmbeddingComponent: void setSplitInfoCallback(java.util.function.Consumer)
kotlinx.coroutines.internal.ThreadSafeHeap: void swap(int,int)
io.flutter.embedding.engine.plugins.lifecycle.HiddenLifecycleReference: androidx.lifecycle.Lifecycle getLifecycle()
io.flutter.embedding.engine.FlutterJNI: io.flutter.embedding.engine.FlutterOverlaySurface createOverlaySurface()
androidx.window.embedding.ExtensionEmbeddingBackend: void unregisterRule(androidx.window.embedding.EmbeddingRule)
androidx.window.embedding.EmbeddingBackend: void registerSplitListenerForActivity(android.app.Activity,java.util.concurrent.Executor,androidx.core.util.Consumer)
androidx.window.layout.ExtensionInterfaceCompat$ExtensionCallbackInterface: void onWindowLayoutChanged(android.app.Activity,androidx.window.layout.WindowLayoutInfo)
androidx.window.layout.SidecarAdapter: boolean isEqualSidecarDeviceState(androidx.window.sidecar.SidecarDeviceState,androidx.window.sidecar.SidecarDeviceState)
io.flutter.embedding.engine.FlutterJNI: void dispatchSemanticsAction(int,io.flutter.view.AccessibilityBridge$Action)
androidx.window.embedding.ActivityFilter: ActivityFilter(android.content.ComponentName,java.lang.String)
androidx.window.layout.ExtensionInterfaceCompat: void onWindowLayoutChangeListenerRemoved(android.app.Activity)
io.flutter.embedding.android.KeyEmbedderResponder: boolean handleEventImpl(android.view.KeyEvent,io.flutter.embedding.android.KeyboardManager$Responder$OnKeyEventHandledCallback)
androidx.window.layout.ActivityCompatHelperApi30: android.graphics.Rect currentWindowBounds(android.app.Activity)