build/app/outputs/mapping/release/usage.txt
com.example.trydos.BuildConfig
com.example.trydos.R$attr
com.example.trydos.R$color
com.example.trydos.R$dimen
com.example.trydos.R$drawable
com.example.trydos.R$id
com.example.trydos.R$integer
com.example.trydos.R$layout
com.example.trydos.R$mipmap
com.example.trydos.R$string
com.example.trydos.R$style
com.example.trydos.R$styleable
com.example.trydos.R
...
androidx.core.view.MotionEventCompat
androidx.core.view.NestedScrollingChild2
androidx.core.view.NestedScrollingChild3
androidx.core.view.NestedScrollingChild
androidx.core.view.NestedScrollingChildHelper
androidx.core.view.NestedScrollingParent2
androidx.core.view.NestedScrollingParent3
androidx.core.view.NestedScrollingParent
androidx.core.view.NestedScrollingParentHelper
androidx.core.view.OnApplyWindowInsetsListener
androidx.core.view.OnReceiveContentListener
androidx.core.view.OnReceiveContentViewBehavior
androidx.core.view.OneShotPreDrawListener
androidx.core.view.PointerIconCompat
androidx.core.view.ScaleGestureDetectorCompat
androidx.core.view.ScrollingView
androidx.core.view.TintableBackgroundView
androidx.core.view.VelocityTrackerCompat
androidx.core.view.ViewCompat$1
androidx.core.view.ViewCompat$2
androidx.core.view.ViewCompat$3
androidx.core.view.ViewCompat$4
androidx.core.view.ViewCompat$5
androidx.core.view.ViewCompat$AccessibilityPaneVisibilityManager
androidx.core.view.ViewCompat$AccessibilityViewProperty
androidx.core.view.ViewCompat$Api21Impl$1
androidx.core.view.ViewCompat$Api21Impl
androidx.core.view.ViewCompat$Api23Impl
androidx.core.view.ViewCompat$Api29Impl
androidx.core.view.ViewCompat$Api30Impl
androidx.core.view.ViewCompat$CompatImplApi28$1
androidx.core.view.ViewCompat$CompatImplApi28
androidx.core.view.ViewCompat$FocusDirection
androidx.core.view.ViewCompat$FocusRealDirection
androidx.core.view.ViewCompat$FocusRelativeDirection
androidx.core.view.ViewCompat$NestedScrollType
androidx.core.view.ViewCompat$OnUnhandledKeyEventListenerCompat
androidx.core.view.ViewCompat$ScrollAxis
androidx.core.view.ViewCompat$ScrollIndicators
androidx.core.view.ViewCompat$UnhandledKeyEventManager
androidx.core.view.ViewCompat
androidx.core.view.ViewConfigurationCompat
androidx.core.view.ViewGroupCompat
androidx.core.view.ViewParentCompat
androidx.core.view.ViewPropertyAnimatorCompat$1
androidx.core.view.ViewPropertyAnimatorCompat$2
androidx.core.view.ViewPropertyAnimatorCompat$ViewPropertyAnimatorListenerApi14
androidx.core.view.ViewPropertyAnimatorCompat
androidx.core.view.ViewPropertyAnimatorListener
androidx.core.view.ViewPropertyAnimatorListenerAdapter
androidx.core.view.ViewPropertyAnimatorUpdateListener
androidx.core.view.WindowCompat$Impl16
androidx.core.view.WindowCompat$Impl30
androidx.core.view.WindowCompat
androidx.core.view.WindowInsetsAnimationCompat$BoundsCompat
androidx.core.view.WindowInsetsAnimationCompat$Callback$DispatchMode
androidx.core.view.WindowInsetsAnimationCompat$Callback
androidx.core.view.WindowInsetsAnimationCompat$Impl21$Impl21OnApplyWindowInsetsListener$1
androidx.core.view.WindowInsetsAnimationCompat$Impl21$Impl21OnApplyWindowInsetsListener$2
androidx.core.view.WindowInsetsAnimationCompat$Impl21$Impl21OnApplyWindowInsetsListener$3
androidx.core.view.WindowInsetsAnimationCompat$Impl21$Impl21OnApplyWindowInsetsListener
androidx.core.view.WindowInsetsAnimationCompat$Impl21
androidx.core.view.WindowInsetsAnimationCompat$Impl30$ProxyCallback
androidx.core.view.WindowInsetsAnimationCompat$Impl30
androidx.core.view.WindowInsetsAnimationCompat$Impl
androidx.core.view.WindowInsetsAnimationCompat
androidx.core.view.WindowInsetsAnimationControlListenerCompat
androidx.core.view.WindowInsetsAnimationControllerCompat$Impl30
androidx.core.view.WindowInsetsAnimationControllerCompat$Impl
androidx.core.view.WindowInsetsAnimationControllerCompat
androidx.core.view.WindowInsetsCompat$Api21ReflectionHolder
androidx.core.view.WindowInsetsCompat$Builder
androidx.core.view.WindowInsetsCompat$BuilderImpl20
androidx.core.view.WindowInsetsCompat$BuilderImpl29
androidx.core.view.WindowInsetsCompat$BuilderImpl30
androidx.core.view.WindowInsetsCompat$BuilderImpl
androidx.core.view.WindowInsetsCompat$Impl20
androidx.core.view.WindowInsetsCompat$Impl21
androidx.core.view.WindowInsetsCompat$Impl28
androidx.core.view.WindowInsetsCompat$Impl29
androidx.core.view.WindowInsetsCompat$Impl30